<?xml version="1.0" encoding="UTF-8"?>
<testng-results skipped="0" failed="0" total="2" passed="2">
  <reporter-output>
  </reporter-output>
  <suite name="parameter" duration-ms="16731" started-at="2019-08-07T05:30:04Z" finished-at="2019-08-07T05:30:21Z">
    <groups>
    </groups>
    <test name="parameter_test" duration-ms="16731" started-at="2019-08-07T05:30:04Z" finished-at="2019-08-07T05:30:21Z">
      <class name="TestNG.Parameter_">
        <test-method status="PASS" signature="browser_launch(java.lang.String)[pri:0, instance:TestNG.Parameter_@3aa9e816]" name="browser_launch" duration-ms="15239" started-at="2019-08-07T11:00:04Z" finished-at="2019-08-07T11:00:19Z">
          <params>
            <param index="0">
              <value>
                <![CDATA[https://www.facebook.com/]]>
              </value>
            </param>
          </params>
          <reporter-output>
          </reporter-output>
        </test-method> <!-- browser_launch -->
        <test-method status="PASS" signature="Data(java.lang.String, java.lang.String, java.lang.String, java.lang.String)[pri:1, instance:TestNG.Parameter_@3aa9e816]" name="Data" duration-ms="1457" started-at="2019-08-07T11:00:19Z" finished-at="2019-08-07T11:00:21Z">
          <params>
            <param index="0">
              <value>
                <![CDATA[//input[@id='u_0_l']]]>
              </value>
            </param>
            <param index="1">
              <value>
                <![CDATA[//input[@id='u_0_n']]]>
              </value>
            </param>
            <param index="2">
              <value>
                <![CDATA[basha]]>
              </value>
            </param>
            <param index="3">
              <value>
                <![CDATA[sk]]>
              </value>
            </param>
          </params>
          <reporter-output>
          </reporter-output>
        </test-method> <!-- Data -->
      </class> <!-- TestNG.Parameter_ -->
    </test> <!-- parameter_test -->
  </suite> <!-- parameter -->
</testng-results>
